<?xml version="1.0" encoding="UTF-8"?>
<testng-results ignored="0" total="0" passed="0" failed="0" skipped="0">
  <reporter-output>
    <line>
      <![CDATA[suite executoion start]]>
    </line>
    <line>
      <![CDATA[title is matching]]>
    </line>
    <line>
      <![CDATA[title is matching]]>
    </line>
    <line>
      <![CDATA[title is matching]]>
    </line>
    <line>
      <![CDATA[suite executoion complete]]>
    </line>
  </reporter-output>
  <suite started-at="2024-03-19T11:05:16 IST" name="Suite" finished-at="2024-03-19T11:05:16 IST" duration-ms="0">
    <groups>
    </groups>
  </suite> <!-- Suite -->
</testng-results>
